Library/Bee/Android/Prj/IL2CPP/Gradle/unityLibrary/build/intermediates/manifest_merge_blame_file/release/manifest-merger-blame-release-report.txt
1<?xml version="1.0" encoding="utf-8"?>
2<manifest xmlns:android="http://schemas.android.com/apk/res/android"
3    package="com.unity3d.player" >
4
5    <uses-sdk
6        android:minSdkVersion="23"
6-->src\main\AndroidManifest.xml
7        android:targetSdkVersion="32" />
7-->src\main\AndroidManifest.xml
8
9    <uses-permission android:name="android.permission.INTERNET" />
9-->src\main\AndroidManifest.xml:3:3-65
9-->src\main\AndroidManifest.xml:3:20-62
10    <uses-permission android:name="android.permission.ACCESS_NETWORK_STATE" />
10-->src\main\AndroidManifest.xml:4:3-77
10-->src\main\AndroidManifest.xml:4:20-74
11    <uses-permission android:name="android.permission.ACTIVITY_RECOGNITION" />
11-->src\main\AndroidManifest.xml:5:3-77
11-->src\main\AndroidManifest.xml:5:20-74
12
13    <uses-feature android:glEsVersion="0x00030000" />
13-->src\main\AndroidManifest.xml:6:3-52
13-->src\main\AndroidManifest.xml:6:17-49
14    <uses-feature
14-->src\main\AndroidManifest.xml:7:3-91
15        android:name="android.hardware.vulkan.version"
15-->src\main\AndroidManifest.xml:7:17-63
16        android:required="false" />
16-->src\main\AndroidManifest.xml:7:64-88
17    <uses-feature
17-->src\main\AndroidManifest.xml:8:3-88
18        android:name="android.hardware.touchscreen"
18-->src\main\AndroidManifest.xml:8:17-60
19        android:required="false" />
19-->src\main\AndroidManifest.xml:8:61-85
20    <uses-feature
20-->src\main\AndroidManifest.xml:9:3-99
21        android:name="android.hardware.touchscreen.multitouch"
21-->src\main\AndroidManifest.xml:9:17-71
22        android:required="false" />
22-->src\main\AndroidManifest.xml:9:72-96
23    <uses-feature
23-->src\main\AndroidManifest.xml:10:3-108
24        android:name="android.hardware.touchscreen.multitouch.distinct"
24-->src\main\AndroidManifest.xml:10:17-80
25        android:required="false" />
25-->src\main\AndroidManifest.xml:10:81-105
26
27    <application
27-->src\main\AndroidManifest.xml:11:3-26:17
28        android:extractNativeLibs="true"
28-->src\main\AndroidManifest.xml:11:123-155
29        android:icon="@mipmap/app_icon"
29-->src\main\AndroidManifest.xml:11:49-80
30        android:label="@string/app_name"
30-->src\main\AndroidManifest.xml:11:16-48
31        android:theme="@style/UnityThemeSelector" >
31-->src\main\AndroidManifest.xml:11:81-122
32        <meta-data
32-->src\main\AndroidManifest.xml:12:5-69
33            android:name="unity.splash-mode"
33-->src\main\AndroidManifest.xml:12:16-48
34            android:value="0" />
34-->src\main\AndroidManifest.xml:12:49-66
35        <meta-data
35-->src\main\AndroidManifest.xml:13:5-74
36            android:name="unity.splash-enable"
36-->src\main\AndroidManifest.xml:13:16-50
37            android:value="True" />
37-->src\main\AndroidManifest.xml:13:51-71
38        <meta-data
38-->src\main\AndroidManifest.xml:14:5-78
39            android:name="unity.launch-fullscreen"
39-->src\main\AndroidManifest.xml:14:16-54
40            android:value="True" />
40-->src\main\AndroidManifest.xml:14:55-75
41        <meta-data
41-->src\main\AndroidManifest.xml:15:5-84
42            android:name="unity.render-outside-safearea"
42-->src\main\AndroidManifest.xml:15:16-60
43            android:value="True" />
43-->src\main\AndroidManifest.xml:15:61-81
44        <meta-data
44-->src\main\AndroidManifest.xml:16:5-81
45            android:name="notch.config"
45-->src\main\AndroidManifest.xml:16:16-43
46            android:value="portrait|landscape" />
46-->src\main\AndroidManifest.xml:16:44-78
47        <meta-data
47-->src\main\AndroidManifest.xml:17:5-84
48            android:name="unity.auto-report-fully-drawn"
48-->src\main\AndroidManifest.xml:17:16-60
49            android:value="true" />
49-->src\main\AndroidManifest.xml:17:61-81
50
51        <activity
51-->src\main\AndroidManifest.xml:18:5-24:16
52            android:name="com.unity3d.player.UnityPlayerActivity"
52-->src\main\AndroidManifest.xml:18:15-68
53            android:configChanges="mcc|mnc|locale|touchscreen|keyboard|keyboardHidden|navigation|orientation|screenLayout|uiMode|screenSize|smallestScreenSize|fontScale|layoutDirection|density"
53-->src\main\AndroidManifest.xml:18:171-352
54            android:exported="true"
54-->src\main\AndroidManifest.xml:18:353-376
55            android:hardwareAccelerated="false"
55-->src\main\AndroidManifest.xml:18:412-447
56            android:label="@string/app_name"
56-->src\main\AndroidManifest.xml:18:69-101
57            android:launchMode="singleTask"
57-->src\main\AndroidManifest.xml:18:102-133
58            android:resizeableActivity="false"
58-->src\main\AndroidManifest.xml:18:377-411
59            android:screenOrientation="fullUser" >
59-->src\main\AndroidManifest.xml:18:134-170
60            <intent-filter>
60-->src\main\AndroidManifest.xml:19:7-22:23
61                <category android:name="android.intent.category.LAUNCHER" />
61-->src\main\AndroidManifest.xml:20:9-69
61-->src\main\AndroidManifest.xml:20:19-66
62
63                <action android:name="android.intent.action.MAIN" />
63-->src\main\AndroidManifest.xml:21:9-61
63-->src\main\AndroidManifest.xml:21:17-58
64            </intent-filter>
65
66            <meta-data
66-->src\main\AndroidManifest.xml:23:7-70
67                android:name="notch_support"
67-->src\main\AndroidManifest.xml:23:18-46
68                android:value="true" />
68-->src\main\AndroidManifest.xml:23:47-67
69        </activity>
70        <activity
70-->src\main\AndroidManifest.xml:25:5-217
71            android:name="com.google.android.gms.auth.api.signin.internal.SignInHubActivity"
71-->src\main\AndroidManifest.xml:25:15-95
72            android:excludeFromRecents="true"
72-->src\main\AndroidManifest.xml:25:96-129
73            android:exported="false"
73-->src\main\AndroidManifest.xml:25:130-154
74            android:theme="@android:style/Theme.Translucent.NoTitleBar" />
74-->src\main\AndroidManifest.xml:25:155-214
75    </application>
76
77</manifest>